This is pdfTeX, Version 3.1415926-2.5-1.40.14 (MiKTeX 2.9 64-bit) (preloaded format=pdflatex 2014.5.20)  24 NOV 2014 11:28
entering extended mode
**GSPublication.tex

(C:\Users\Ellis\Documents\GitHub\fmriGlobalSignal\GSPublication\GSPublication.t
ex
LaTeX2e <2014/05/01>
Babel <v3.8m> and hyphenation patterns for english, afrikaans, ancientgreek, ar
abic, armenian, assamese, basque, bengali, bokmal, bulgarian, catalan, coptic, 
croatian, czech, danish, dutch, esperanto, estonian, farsi, finnish, french, ga
lician, german, german-x-2013-05-26, greek, gujarati, hindi, hungarian, iceland
ic, indonesian, interlingua, irish, italian, kannada, kurmanji, latin, latvian,
 lithuanian, malayalam, marathi, mongolian, mongolianlmc, monogreek, ngerman, n
german-x-2013-05-26, nynorsk, oriya, panjabi, pinyin, polish, portuguese, roman
ian, russian, sanskrit, serbian, slovak, slovenian, spanish, swedish, swissgerm
an, tamil, telugu, turkish, turkmen, ukenglish, ukrainian, uppersorbian, usengl
ishmax, welsh, loaded.
("C:\Program Files\MiKTeX 2.9\tex\latex\base\article.cls"
Document Class: article 2007/10/19 v1.4h Standard LaTeX document class
("C:\Program Files\MiKTeX 2.9\tex\latex\base\size10.clo"
File: size10.clo 2007/10/19 v1.4h Standard LaTeX file (size option)
)
\c@part=\count79
\c@section=\count80
\c@subsection=\count81
\c@subsubsection=\count82
\c@paragraph=\count83
\c@subparagraph=\count84
\c@figure=\count85
\c@table=\count86
\abovecaptionskip=\skip41
\belowcaptionskip=\skip42
\bibindent=\dimen102
)
("C:\Program Files\MiKTeX 2.9\tex\latex\graphics\graphicx.sty"
Package: graphicx 2014/04/25 v1.0g Enhanced LaTeX Graphics (DPC,SPQR)

("C:\Program Files\MiKTeX 2.9\tex\latex\graphics\keyval.sty"
Package: keyval 2014/05/08 v1.15 key=value parser (DPC)
\KV@toks@=\toks14
)
("C:\Program Files\MiKTeX 2.9\tex\latex\graphics\graphics.sty"
Package: graphics 2009/02/05 v1.0o Standard LaTeX Graphics (DPC,SPQR)

("C:\Program Files\MiKTeX 2.9\tex\latex\graphics\trig.sty"
Package: trig 1999/03/16 v1.09 sin cos tan (DPC)
)
("C:\Program Files\MiKTeX 2.9\tex\latex\00miktex\graphics.cfg"
File: graphics.cfg 2007/01/18 v1.5 graphics configuration of teTeX/TeXLive
)
Package graphics Info: Driver file: pdftex.def on input line 91.

("C:\Program Files\MiKTeX 2.9\tex\latex\pdftex-def\pdftex.def"
File: pdftex.def 2011/05/27 v0.06d Graphics/color for pdfTeX

("C:\Program Files\MiKTeX 2.9\tex\generic\oberdiek\infwarerr.sty"
Package: infwarerr 2010/04/08 v1.3 Providing info/warning/error messages (HO)
)
("C:\Program Files\MiKTeX 2.9\tex\generic\oberdiek\ltxcmds.sty"
Package: ltxcmds 2011/11/09 v1.22 LaTeX kernel commands for general use (HO)
)
\Gread@gobject=\count87
))
\Gin@req@height=\dimen103
\Gin@req@width=\dimen104
)
("C:\Program Files\MiKTeX 2.9\tex\latex\graphics\color.sty"
Package: color 2014/04/23 v1.1a Standard LaTeX Color (DPC)

("C:\Program Files\MiKTeX 2.9\tex\latex\00miktex\color.cfg"
File: color.cfg 2007/01/18 v1.5 color configuration of teTeX/TeXLive
)
Package color Info: Driver file: pdftex.def on input line 137.
)
("C:\Program Files\MiKTeX 2.9\tex\latex\framed\framed.sty"
Package: framed 2011/10/22 v 0.96: framed or shaded text with page breaks
\OuterFrameSep=\skip43
\fb@frw=\dimen105
\fb@frh=\dimen106
\FrameRule=\dimen107
\FrameSep=\dimen108
)
("C:\Program Files\MiKTeX 2.9\tex\latex\base\alltt.sty"
Package: alltt 1997/06/16 v2.0g defines alltt environment
)
("C:\Program Files\MiKTeX 2.9\tex\latex\preprint\fullpage.sty"
Package: fullpage 1999/02/23 1.1 (PWD)
\FP@margin=\skip44
)
("C:\Program Files\MiKTeX 2.9\tex\latex\upquote\upquote.sty"
Package: upquote 2012/04/19 v1.3 upright-quote and grave-accent glyphs in verba
tim
)
(C:\Users\Ellis\Documents\GitHub\fmriGlobalSignal\GSPublication\GSPublication.a
ux)
LaTeX Font Info:    Checking defaults for OML/cmm/m/it on input line 55.
LaTeX Font Info:    ... okay on input line 55.
LaTeX Font Info:    Checking defaults for T1/cmr/m/n on input line 55.
LaTeX Font Info:    ... okay on input line 55.
LaTeX Font Info:    Checking defaults for OT1/cmr/m/n on input line 55.
LaTeX Font Info:    ... okay on input line 55.
LaTeX Font Info:    Checking defaults for OMS/cmsy/m/n on input line 55.
LaTeX Font Info:    ... okay on input line 55.
LaTeX Font Info:    Checking defaults for OMX/cmex/m/n on input line 55.
LaTeX Font Info:    ... okay on input line 55.
LaTeX Font Info:    Checking defaults for U/cmr/m/n on input line 55.
LaTeX Font Info:    ... okay on input line 55.
 ("C:\Program Files\MiKTeX 2.9\tex\context\base\supp-pdf.mkii"
[Loading MPS to PDF converter (version 2006.09.02).]
\scratchcounter=\count88
\scratchdimen=\dimen109
\scratchbox=\box26
\nofMPsegments=\count89
\nofMParguments=\count90
\everyMPshowfont=\toks15
\MPscratchCnt=\count91
\MPscratchDim=\dimen110
\MPnumerator=\count92
\makeMPintoPDFobject=\count93
\everyMPtoPDFconversion=\toks16
)
LaTeX Font Info:    External font `cmex10' loaded for size
(Font)              <12> on input line 59.
LaTeX Font Info:    External font `cmex10' loaded for size
(Font)              <8> on input line 59.
LaTeX Font Info:    External font `cmex10' loaded for size
(Font)              <6> on input line 59.


LaTeX Warning: No \author given.

Package color Info: Redefining color shadecolor on input line 62.
Package color Info: Redefining color shadecolor on input line 90.

LaTeX Warning: No positions in optional float specifier.
               Default added (so using `tbp') on input line 90.

<GSFigs/GSBlockMatrix.png, id=1, 433.62pt x 361.35pt>
File: GSFigs/GSBlockMatrix.png Graphic file (type png)

<use GSFigs/GSBlockMatrix.png>
Package pdftex.def Info: GSFigs/GSBlockMatrix.png used on input line 93.
(pdftex.def)             Requested size: 317.07614pt x 264.24095pt.
 [1

{C:/ProgramData/MiKTeX/2.9/pdftex/config/pdftex.map}]
Package color Info: Redefining color shadecolor on input line 112.


LaTeX Warning: No positions in optional float specifier.
               Default added (so using `tbp') on input line 115.

<GSFigs/GSDensityNoGS.png, id=12, 433.62pt x 361.35pt>
File: GSFigs/GSDensityNoGS.png Graphic file (type png)

<use GSFigs/GSDensityNoGS.png>
Package pdftex.def Info: GSFigs/GSDensityNoGS.png used on input line 118.
(pdftex.def)             Requested size: 433.61894pt x 361.36566pt.
Package color Info: Redefining color shadecolor on input line 132.


LaTeX Warning: No positions in optional float specifier.
               Default added (so using `tbp') on input line 132.

<GSFigs/GSdotPlotNoGS.png, id=13, 433.62pt x 361.35pt>
File: GSFigs/GSdotPlotNoGS.png Graphic file (type png)

<use GSFigs/GSdotPlotNoGS.png>
Package pdftex.def Info: GSFigs/GSdotPlotNoGS.png used on input line 135.
(pdftex.def)             Requested size: 433.61894pt x 361.36566pt.


LaTeX Warning: Reference `ROCnoGS' on page 2 undefined on input line 146.

Package color Info: Redefining color shadecolor on input line 149.

LaTeX Warning: No positions in optional float specifier.
               Default added (so using `tbp') on input line 149.

<GSFigs/GSROCnoGS.png, id=14, 433.62pt x 361.35pt>
File: GSFigs/GSROCnoGS.png Graphic file (type png)
 <use GSFigs/GSROCnoGS.png>
Package pdftex.def Info: GSFigs/GSROCnoGS.png used on input line 152.
(pdftex.def)             Requested size: 433.61894pt x 361.36566pt.

[2 <C:/Users/Ellis/Documents/GitHub/fmriGlobalSignal/GSPublication/GSFigs/GSBlo
ckMatrix.png>] [3 <C:/Users/Ellis/Documents/GitHub/fmriGlobalSignal/GSPublicati
on/GSFigs/GSDensityNoGS.png>] [4 <C:/Users/Ellis/Documents/GitHub/fmriGlobalSig
nal/GSPublication/GSFigs/GSdotPlotNoGS.png>] [5 <C:/Users/Ellis/Documents/GitHu
b/fmriGlobalSignal/GSPublication/GSFigs/GSROCnoGS.png>]
Package color Info: Redefining color shadecolor on input line 176.


LaTeX Warning: No positions in optional float specifier.
               Default added (so using `tbp') on input line 176.

<GSFigs/GSDensityGS.png, id=32, 433.62pt x 361.35pt>
File: GSFigs/GSDensityGS.png Graphic file (type png)

<use GSFigs/GSDensityGS.png>
Package pdftex.def Info: GSFigs/GSDensityGS.png used on input line 179.
(pdftex.def)             Requested size: 433.61894pt x 361.36566pt.
Package color Info: Redefining color shadecolor on input line 191.


LaTeX Warning: No positions in optional float specifier.
               Default added (so using `tbp') on input line 191.

<GSFigs/GSdotPlotGS.png, id=33, 433.62pt x 361.35pt>
File: GSFigs/GSdotPlotGS.png Graphic file (type png)

<use GSFigs/GSdotPlotGS.png>
Package pdftex.def Info: GSFigs/GSdotPlotGS.png used on input line 194.
(pdftex.def)             Requested size: 433.61894pt x 361.36566pt.
Package color Info: Redefining color shadecolor on input line 206.


LaTeX Warning: No positions in optional float specifier.
               Default added (so using `tbp') on input line 206.

<GSFigs/GSROCGS.png, id=34, 433.62pt x 361.35pt>
File: GSFigs/GSROCGS.png Graphic file (type png)
 <use GSFigs/GSROCGS.png>
Package pdftex.def Info: GSFigs/GSROCGS.png used on input line 209.
(pdftex.def)             Requested size: 433.61894pt x 361.36566pt.

[6

 <C:/Users/Ellis/Documents/GitHub/fmriGlobalSignal/GSPublication/GSFigs/GSDensi
tyGS.png>] [7 <C:/Users/Ellis/Documents/GitHub/fmriGlobalSignal/GSPublication/G
SFigs/GSdotPlotGS.png>] [8 <C:/Users/Ellis/Documents/GitHub/fmriGlobalSignal/GS
Publication/GSFigs/GSROCGS.png>]
LaTeX Font Info:    External font `cmex10' loaded for size
(Font)              <7> on input line 236.
LaTeX Font Info:    External font `cmex10' loaded for size
(Font)              <5> on input line 236.
 [9

]
Package color Info: Redefining color shadecolor on input line 255.


LaTeX Warning: No positions in optional float specifier.
               Default added (so using `tbp') on input line 255.

<GSFigs/GSavgGSavgCOR.png, id=51, 433.62pt x 361.35pt>
File: GSFigs/GSavgGSavgCOR.png Graphic file (type png)

<use GSFigs/GSavgGSavgCOR.png>
Package pdftex.def Info: GSFigs/GSavgGSavgCOR.png used on input line 258.
(pdftex.def)             Requested size: 433.61894pt x 361.36566pt.
Package color Info: Redefining color shadecolor on input line 272.


LaTeX Warning: No positions in optional float specifier.
               Default added (so using `tbp') on input line 272.

<GSFigs/GSGSCorandAmount.png, id=52, 1084.05pt x 361.35pt>
File: GSFigs/GSGSCorandAmount.png Graphic file (type png)

<use GSFigs/GSGSCorandAmount.png>
Package pdftex.def Info: GSFigs/GSGSCorandAmount.png used on input line 275.
(pdftex.def)             Requested size: 452.9679pt x 150.98853pt.
Package color Info: Redefining color shadecolor on input line 289.


LaTeX Warning: No positions in optional float specifier.
               Default added (so using `tbp') on input line 289.

<GSFigs/GSGSCorandAmount2.png, id=53, 1084.05pt x 361.35pt>
File: GSFigs/GSGSCorandAmount2.png Graphic file (type png)

<use GSFigs/GSGSCorandAmount2.png>
Package pdftex.def Info: GSFigs/GSGSCorandAmount2.png used on input line 292.
(pdftex.def)             Requested size: 452.9679pt x 150.98853pt.
 [10

 <C:/Users/Ellis/Documents/GitHub/fmriGlobalSignal/GSPublication/GSFigs/GSavgGS
avgCOR.png>] [11 <C:/Users/Ellis/Documents/GitHub/fmriGlobalSignal/GSPublicatio
n/GSFigs/GSGSCorandAmount.png> <C:/Users/Ellis/Documents/GitHub/fmriGlobalSigna
l/GSPublication/GSFigs/GSGSCorandAmount2.png>]
(C:\Users\Ellis\Documents\GitHub\fmriGlobalSignal\GSPublication\GSPublication.a
ux)

LaTeX Warning: There were undefined references.

 ) 
Here is how much of TeX's memory you used:
 1359 strings out of 493737
 18966 string characters out of 3145052
 72770 words of memory out of 3000000
 4661 multiletter control sequences out of 15000+200000
 8231 words of font info for 30 fonts, out of 3000000 for 9000
 1025 hyphenation exceptions out of 8191
 27i,9n,19p,1038b,253s stack positions out of 5000i,500n,10000p,200000b,50000s
<C:/Program Files/MiKTeX 2.9/fonts/type1/public/amsfonts/cm/cmbx10.pfb><C:/Pr
ogram Files/MiKTeX 2.9/fonts/type1/public/amsfonts/cm/cmbx12.pfb><C:/Program Fi
les/MiKTeX 2.9/fonts/type1/public/amsfonts/cm/cmitt10.pfb><C:/Program Files/MiK
TeX 2.9/fonts/type1/public/amsfonts/cm/cmr10.pfb><C:/Program Files/MiKTeX 2.9/f
onts/type1/public/amsfonts/cm/cmr12.pfb><C:/Program Files/MiKTeX 2.9/fonts/type
1/public/amsfonts/cm/cmr17.pfb><C:/Program Files/MiKTeX 2.9/fonts/type1/public/
amsfonts/cm/cmtt10.pfb>
Output written on GSPublication.pdf (11 pages, 174143 bytes).
PDF statistics:
 86 PDF objects out of 1000 (max. 8388607)
 0 named destinations out of 1000 (max. 500000)
 51 words of extra memory for PDF output out of 10000 (max. 10000000)

